<?xml version="1.0" encoding="UTF-8"?>
<!-- Generated by org.testng.reporters.JUnitReportReporter -->
<testsuite hostname="LAPTOP-VKBHV4LJ" failures="0" tests="10" name="api.tests.endtoendtest" time="3.737" errors="0" timestamp="2024-10-09T16:32:27 GST" skipped="0">
  <testcase classname="api.tests.endtoendtest" name="TestCase1_addnewdevice_POST" time="2.629"/>
  <testcase classname="api.tests.endtoendtest" name="Testcase2_ValidateStatusCode" time="0.004"/>
  <testcase classname="api.tests.endtoendtest" name="Testcase3_ResponseBody_Validatename" time="0.648"/>
  <testcase classname="api.tests.endtoendtest" name="Testcase4_ResponseBody_Validateyear" time="0.117"/>
  <testcase classname="api.tests.endtoendtest" name="Testcase5_ResponseBody_Validateprice" time="0.064"/>
  <testcase classname="api.tests.endtoendtest" name="Testcase6_ResponseBody_Validatecpumodel" time="0.007"/>
  <testcase classname="api.tests.endtoendtest" name="Testcase7_ResponseBody_Validateharddisksize" time="0.006"/>
  <testcase classname="api.tests.endtoendtest" name="Testcase8_ResponseBody_ValidateidisNotNull" time="0.021"/>
  <testcase classname="api.tests.endtoendtest" name="Testcase9_ResponseBody_ValidateCreateAtisNotNull" time="0.024"/>
  <testcase classname="api.tests.endtoendtest" name="Testcase10_ResponseBody_ValidateSchema" time="0.217"/>
</testsuite> <!-- api.tests.endtoendtest -->
