<?xml version="1.0" encoding="UTF-8"?>
<!-- Generated by org.testng.reporters.JUnitReportReporter -->
<testsuite hostname="LAPTOP-VKBHV4LJ" failures="0" tests="4" name="api.tests.endtoendtest" time="8.341" errors="0" timestamp="2024-09-24T16:38:11 GST" skipped="0">
  <testcase classname="api.tests.endtoendtest" name="Testcase_1" time="2.992"/>
  <testcase classname="api.tests.endtoendtest" name="Testcase_2" time="1.063"/>
  <testcase classname="api.tests.endtoendtest" name="Testcase_3" time="2.186"/>
  <testcase classname="api.tests.endtoendtest" name="Testcase_4" time="2.100"/>
</testsuite> <!-- api.tests.endtoendtest -->
